DEBUG: VarDecl 'x' type='i32' init_type='i32'
DEBUG: VarDecl 'x' type='i32' init_type='i32'
DEBUG: VarDecl 'x' type='i32' init_type='i32'
DEBUG: VarDecl 'p' type='u8*' init_type='u8*'
DEBUG: VarDecl 'i' type='i32' init_type='i32'
DEBUG: VarDecl 'c' type='u8' init_type='u8'
DEBUG: VarDecl 'pa' type='u8*' init_type='u8*'
DEBUG: VarDecl 'pb' type='u8*' init_type='u8*'
DEBUG: VarDecl 'i' type='i32' init_type='i32'
DEBUG: VarDecl 'ca' type='u8' init_type='u8'
DEBUG: VarDecl 'cb' type='u8' init_type='u8'
DEBUG: VarDecl 'chunk' type='u8*' init_type='u8*'
DEBUG: VarDecl 'off' type='i32' init_type='i32'
DEBUG: Instantiated 'ptr_offset<u8>' with return type 'u8*'
DEBUG: Key 'ptr_offset<u8>' added to function_defs with type 'u8*'
DEBUG: VarDecl 'ptr' type='u8*' init_type='u8*'
DEBUG: VarDecl 'idx' type='i32' init_type='i32'
DEBUG: VarDecl 'i' type='i32' init_type='i32'
DEBUG: VarDecl 'c' type='u8' init_type='u8'
DEBUG: VarDecl 'j' type='i32' init_type='i32'
DEBUG: VarDecl 'start' type='i32' init_type='i32'
DEBUG: VarDecl 'j' type='i32' init_type='i32'
DEBUG: VarDecl 'start' type='i32' init_type='i32'
DEBUG: VarDecl 'j' type='i32' init_type='i32'
DEBUG: VarDecl 'is_match' type='bool' init_type='bool'
DEBUG: VarDecl 'start' type='i32' init_type='i32'
DEBUG: VarDecl 'j' type='i32' init_type='i32'
DEBUG: VarDecl 'is_neg' type='bool' init_type='bool'
DEBUG: VarDecl 'temp' type='i32' init_type='i32'
DEBUG: VarDecl 'len' type='i32' init_type='i32'
DEBUG: VarDecl 'it_val' type='i32' init_type='i32'
DEBUG: VarDecl 'buf' type='u8*' init_type='u8*'
DEBUG: VarDecl 'i' type='i32' init_type='i32'
DEBUG: VarDecl 'digit' type='i32' init_type='i32'
DEBUG: VarDecl 's' type='i32' init_type='i32'
DEBUG: VarDecl 'l' type='i32' init_type='i32'
DEBUG: VarDecl 'res' type='i32' init_type='i32'
DEBUG: VarDecl 'i' type='i32' init_type='i32'
DEBUG: VarDecl 'c' type='u8' init_type='u8'
DEBUG: VarDecl 'digit' type='i32' init_type='i32'
DEBUG: VarDecl 's' type='i32' init_type='i32'
DEBUG: VarDecl 'l' type='i32' init_type='i32'
DEBUG: VarDecl 'buf' type='u8*' init_type='u8*'
DEBUG: VarDecl 'i' type='i32' init_type='i32'
DEBUG: VarDecl 'c' type='u8' init_type='u8'
DEBUG: Instantiated 'ptr_offset<Token>' with return type 'Token*'
DEBUG: Key 'ptr_offset<Token>' added to function_defs with type 'Token*'
DEBUG: VarDecl 'tok_ptr' type='Token*' init_type='Token*'
DEBUG: VarDecl 'tok_ptr' type='Token*' init_type='Token*'
DEBUG: VarDecl 'tok_ptr' type='Token*' init_type='Token*'
DEBUG: VarDecl 'val' type='i32' init_type='i32'
DEBUG: VarDecl 's' type='string' init_type='string'
DEBUG: VarDecl 's' type='string' init_type='string'
DEBUG: VarDecl 'lhs_val' type='Expr' init_type='Expr'
DEBUG: VarDecl 'lhs_ptr' type='Expr*' init_type='Expr*'
DEBUG: VarDecl 'tok_ptr' type='Token*' init_type='Token*'
DEBUG: VarDecl 's' type='i32' init_type='i32'
DEBUG: VarDecl 'c' type='u8' init_type='u8'
DEBUG: VarDecl 'op_code' type='i32' init_type='i32'
DEBUG: VarDecl 'rhs_val' type='Expr' init_type='Expr'
DEBUG: VarDecl 'rhs_ptr' type='Expr*' init_type='Expr*'
DEBUG: VarDecl 'rhs_val' type='Expr' init_type='Expr'
DEBUG: VarDecl 'rhs_ptr' type='Expr*' init_type='Expr*'
DEBUG: VarDecl 'rhs_val' type='Expr' init_type='Expr'
DEBUG: VarDecl 'rhs_ptr' type='Expr*' init_type='Expr*'
DEBUG: VarDecl 'stmts_ptr' type='Stmt*' init_type='Stmt*'
DEBUG: VarDecl 'cnt' type='i32' init_type='i32'
DEBUG: VarDecl 'running' type='bool' init_type='bool'
DEBUG: VarDecl 'tok_ptr' type='Token*' init_type='Token*'
DEBUG: VarDecl 's' type='i32' init_type='i32'
DEBUG: VarDecl 'c' type='u8' init_type='u8'
DEBUG: VarDecl 'stmt' type='Stmt' init_type='Stmt'
DEBUG: VarDecl 'tok_ptr' type='Token*' init_type='Token*'
DEBUG: VarDecl 's_start' type='i32' init_type='i32'
DEBUG: VarDecl 'c' type='u8' init_type='u8'
DEBUG: VarDecl 'c2' type='u8' init_type='u8'
DEBUG: VarDecl 'e' type='Expr' init_type='Expr'
DEBUG: VarDecl 'next_t' type='Token*' init_type='Token*'
DEBUG: VarDecl 'e' type='Expr' init_type='Expr'
DEBUG: VarDecl 'name_tok' type='Token' init_type='Token'
DEBUG: VarDecl 'name' type='string' init_type='string'
DEBUG: VarDecl 'type_tok' type='Token' init_type='Token'
DEBUG: VarDecl 'ty' type='string' init_type='string'
DEBUG: VarDecl 'eq_tok' type='Token*' init_type='Token*'
DEBUG: VarDecl 'eq_op_c' type='u8' init_type='u8'
DEBUG: VarDecl 'init' type='Expr' init_type='Expr'
DEBUG: VarDecl 'next_t' type='Token*' init_type='Token*'
DEBUG: VarDecl 'cond' type='Expr' init_type='Expr'
DEBUG: VarDecl 'body' type='SliceStmt' init_type='SliceStmt'
DEBUG: VarDecl 'cond' type='Expr' init_type='Expr'
DEBUG: VarDecl 'body' type='SliceStmt' init_type='SliceStmt'
DEBUG: VarDecl 'name_tok' type='Token' init_type='Token'
DEBUG: VarDecl 'name' type='string' init_type='string'
DEBUG: VarDecl 'op_tok' type='Token*' init_type='Token*'
DEBUG: VarDecl 'op_c' type='u8' init_type='u8'
DEBUG: VarDecl 'val' type='Expr' init_type='Expr'
DEBUG: VarDecl 'next_t' type='Token*' init_type='Token*'
DEBUG: VarDecl 'name_tok' type='Token' init_type='Token'
DEBUG: VarDecl 'stmts_ptr' type='Stmt*' init_type='Stmt*'
DEBUG: VarDecl 'cnt' type='i32' init_type='i32'
DEBUG: VarDecl 'running' type='bool' init_type='bool'
DEBUG: VarDecl 'tok_ptr' type='Token*' init_type='Token*'
DEBUG: VarDecl 's' type='i32' init_type='i32'
DEBUG: VarDecl 'c' type='u8' init_type='u8'
DEBUG: VarDecl 'stmt' type='Stmt' init_type='Stmt'
DEBUG: VarDecl 'funcs_ptr' type='Function*' init_type='Function*'
DEBUG: VarDecl 'cnt' type='i32' init_type='i32'
DEBUG: VarDecl 'out' type='string' init_type='string'
DEBUG: VarDecl 'str_count' type='i32' init_type='i32'
DEBUG: VarDecl 'i' type='i32' init_type='i32'
DEBUG: VarDecl 'f' type='Function' init_type='Function'
DEBUG: VarDecl 'j' type='i32' init_type='i32'
DEBUG: VarDecl 's' type='Stmt' init_type='Stmt'
DEBUG: VarDecl 'val_str' type='string' init_type='string'
DEBUG: VarDecl 'tmp_id' type='string' init_type='string'
DEBUG: VarDecl 's_id' type='string' init_type='string'
DEBUG: VarDecl 'g_name' type='string' init_type='string'
DEBUG: VarDecl 'len' type='i32' init_type='i32'
DEBUG: VarDecl 'len_plus_1' type='i32' init_type='i32'
DEBUG: VarDecl 'str_count_emit' type='i32' init_type='i32'
DEBUG: VarDecl 'f' type='Function' init_type='Function'
DEBUG: VarDecl 'j' type='i32' init_type='i32'
DEBUG: VarDecl 's' type='Stmt' init_type='Stmt'
DEBUG: VarDecl 'val_str' type='string' init_type='string'
DEBUG: VarDecl 'tmp_id' type='string' init_type='string'
DEBUG: VarDecl 's_id' type='string' init_type='string'
DEBUG: VarDecl 'len' type='i32' init_type='i32'
DEBUG: VarDecl 'len_plus_1' type='i32' init_type='i32'
DEBUG: VarDecl 'src_buf' type='Buffer<u8>' init_type='Buffer<u8>'
DEBUG: VarDecl 'max_toks' type='i32' init_type='i32'
DEBUG: VarDecl 'tok_bytes' type='i32' init_type='i32'
DEBUG: VarDecl 'tokens' type='Token*' init_type='Token*'
DEBUG: VarDecl 'count' type='i32' init_type='i32'
DEBUG: VarDecl 'mem' type='Arena' init_type='Arena'
DEBUG: VarDecl 'parser' type='Parser' init_type='Parser'
DEBUG: VarDecl 'prog' type='Program' init_type='Program'
DEBUG: VarDecl 'addr' type='u64' init_type='u64'
DEBUG: VarDecl 'byte_offset' type='u64' init_type='u64'
DEBUG: VarDecl 'addr' type='u64' init_type='u64'
DEBUG: VarDecl 'byte_offset' type='u64' init_type='u64'
DEBUG MatchExpr Value Type: {i32, [64 x i8]}
DEBUG MatchExpr Value Type: {i32, [8 x i8]}
python : Traceback (most recent call 
last):
No linha:1 caractere:1
+ python bootstrap/main.py 
selfhost/stage5_full.nxl --target 
native --r ...
+ ~~~~~~~~~~~~~~~~~~~~~~~~~~~~~~~~~~~
~~~~~~~~~~~~~~~~~~~~~~~~~~~~~~~~~~
    + CategoryInfo          : NotSpe 
   cified: (Traceback (most recent   
  call last)::String) [], RemoteEx   
 ception
    + FullyQualifiedErrorId : Native 
   CommandError
 
  File 
"Y:\WWW\NexaLang\bootstrap\main.py", 
line 94, in <module>
    main()
    ~~~~^^
  File 
"Y:\WWW\NexaLang\bootstrap\main.py", 
line 53, in main
    llvm_ir = codegen.generate(ast)
  File "Y:\WWW\NexaLang\bootstrap\cod
egen.py", line 462, in generate
    self.visit(node)
    ~~~~~~~~~~^^^^^^
  File "Y:\WWW\NexaLang\bootstrap\cod
egen.py", line 472, in visit
    return visitor(node)
  File "Y:\WWW\NexaLang\bootstrap\cod
egen.py", line 1662, in 
visit_FunctionDef
    self.visit(stmt)
    ~~~~~~~~~~^^^^^^
  File "Y:\WWW\NexaLang\bootstrap\cod
egen.py", line 472, in visit
    return visitor(node)
  File "Y:\WWW\NexaLang\bootstrap\cod
egen.py", line 949, in 
visit_WhileStmt
    self.visit(stmt)
    ~~~~~~~~~~^^^^^^
  File "Y:\WWW\NexaLang\bootstrap\cod
egen.py", line 472, in visit
    return visitor(node)
  File "Y:\WWW\NexaLang\bootstrap\cod
egen.py", line 949, in 
visit_WhileStmt
    self.visit(stmt)
    ~~~~~~~~~~^^^^^^
  File "Y:\WWW\NexaLang\bootstrap\cod
egen.py", line 472, in visit
    return visitor(node)
  File "Y:\WWW\NexaLang\bootstrap\cod
egen.py", line 1542, in 
visit_MatchExpr
    self.visit(case.body)
    ~~~~~~~~~~^^^^^^^^^^^
  File "Y:\WWW\NexaLang\bootstrap\cod
egen.py", line 472, in visit
    return visitor(node)
  File "Y:\WWW\NexaLang\bootstrap\cod
egen.py", line 665, in 
visit_BlockStmt
    self.visit(stmt)
    ~~~~~~~~~~^^^^^^
  File "Y:\WWW\NexaLang\bootstrap\cod
egen.py", line 472, in visit
    return visitor(node)
  File "Y:\WWW\NexaLang\bootstrap\cod
egen.py", line 1534, in 
visit_MatchExpr
    field_ptr = 
self.builder.gep(cast_ptr, [z, idx])
  File "C:\Users\thiag\AppData\Local\
Programs\Python\Python313\Lib\site-pa
ckages\llvmlite\ir\builder.py", line 
927, in gep
    instr = 
instructions.GEPInstr(self.block, 
ptr, indices,
                                  
inbounds=inbounds, name=name,
                                  
source_etype=source_etype)
  File "C:\Users\thiag\AppData\Local\
Programs\Python\Python313\Lib\site-pa
ckages\llvmlite\ir\instructions.py", 
line 563, in __init__
    lasttyp, typ = typ, typ.gep(i)
                        ^^^^^^^
AttributeError: 'IntType' object has 
no attribute 'gep'
